<?xml version="1.0" encoding="UTF-8"?>
<!-- Generated by org.testng.reporters.JUnitXMLReporter -->
<testsuite hostname="SASUPPORT13" ignored="1" name="carloan" tests="4" failures="0" timestamp="2020-10-21T19:55:01 IST" time="0.031" errors="0">
  <testcase name="MobLoginCarLoan" time="0.001" classname="test.Test3"/>
  <testcase name="MobLopginCarLoan" time="0.002" classname="test.Test3"/>
  <testcase name="MobLopoginCarLoan" time="0.002" classname="test.Test3"/>
  <testcase name="WebLoginCarLoan" time="0.002" classname="test.Test3"/>
  <testcase name="APILoginCarLoan" time="0.0" classname="test.Test3">
    <ignored/>
  </testcase> <!-- APILoginCarLoan -->
</testsuite> <!-- carloan -->
