<?xml version="1.0" encoding="UTF-8"?>
<!-- Generated by org.testng.reporters.JUnitXMLReporter -->
<testsuite hostname="SASUPPORT13" ignored="1" name="Regresion" tests="11" failures="1" timestamp="2020-10-21T22:17:35 IST" time="0.138" errors="0">
  <testcase name="carLoan" time="0.013" classname="test.Day1"/>
  <testcase name="carLoanLogout" time="0.005" classname="test.Day1">
    <failure type="java.lang.AssertionError" message="expected [true] but found [false]">
      <![CDATA[java.lang.AssertionError: expected [true] but found [false]
at test.Day1.carLoanLogout(Day1.java:24)
at java.util.ArrayList.forEach(Unknown Source)
... Removed 31 stack frames]]>
    </failure>
  </testcase> <!-- carLoanLogout -->
  <testcase name="Homepage" time="0.0" classname="test.Day1">
    <skipped/>
  </testcase> <!-- Homepage -->
  <testcase name="HomeLoan" time="0.002" classname="test.Day2"/>
  <testcase name="HomeLoanLoginPage" time="0.006" classname="test.Day2"/>
  <testcase name="HomeLoanLogout" time="0.005" classname="test.Day2"/>
  <testcase name="TwoWheeler" time="0.002" classname="test.Day3"/>
  <testcase name="TwoWheeler" time="0.002" classname="test.Day3"/>
  <testcase name="TwoWheeler" time="0.002" classname="test.Day3"/>
  <testcase name="TwoWheelerLogOut" time="0.001" classname="test.Day3"/>
  <testcase name="TwoWheelerLogin" time="0.002" classname="test.Day3"/>
  <testcase name="carLoanLogin" time="0.0" classname="test.Day1">
    <ignored/>
  </testcase> <!-- carLoanLogin -->
</testsuite> <!-- Regresion -->
